{"C:\\Users\\Greg\\Desktop\\cf-6-javascript-exercises\\node1\\products\\index.js": {"path":"C:\\Users\\Greg\\Desktop\\cf-6-javascript-exercises\\node1\\products\\index.js","statementMap":{"0":{"start":{"line":1,"column":16},"end":{"line":1,"column":34}},"1":{"start":{"line":2,"column":12},"end":{"line":2,"column":21}},"2":{"start":{"line":3,"column":13},"end":{"line":3,"column":17}},"3":{"start":{"line":5,"column":17},"end":{"line":5,"column":36}},"4":{"start":{"line":7,"column":18},"end":{"line":7,"column":47}},"5":{"start":{"line":8,"column":24},"end":{"line":8,"column":44}},"6":{"start":{"line":9,"column":13},"end":{"line":9,"column":28}},"7":{"start":{"line":12,"column":0},"end":{"line":15,"column":3}},"8":{"start":{"line":17,"column":0},"end":{"line":17,"column":24}},"9":{"start":{"line":18,"column":0},"end":{"line":18,"column":45}},"10":{"start":{"line":20,"column":0},"end":{"line":20,"column":38}},"11":{"start":{"line":22,"column":0},"end":{"line":26,"column":6}},"12":{"start":{"line":24,"column":16},"end":{"line":24,"column":64}},"13":{"start":{"line":25,"column":17},"end":{"line":25,"column":60}},"14":{"start":{"line":28,"column":13},"end":{"line":28,"column":44}},"15":{"start":{"line":29,"column":20},"end":{"line":29,"column":59}},"16":{"start":{"line":30,"column":16},"end":{"line":30,"column":50}},"17":{"start":{"line":32,"column":0},"end":{"line":32,"column":27}},"18":{"start":{"line":35,"column":0},"end":{"line":35,"column":42}},"19":{"start":{"line":37,"column":0},"end":{"line":37,"column":34}},"20":{"start":{"line":39,"column":0},"end":{"line":43,"column":1}},"21":{"start":{"line":45,"column":0},"end":{"line":45,"column":20}}},"fnMap":{"0":{"name":"(anonymous_0)","decl":{"start":{"line":24,"column":8},"end":{"line":24,"column":9}},"loc":{"start":{"line":24,"column":14},"end":{"line":24,"column":65}},"line":24},"1":{"name":"(anonymous_1)","decl":{"start":{"line":25,"column":8},"end":{"line":25,"column":9}},"loc":{"start":{"line":25,"column":15},"end":{"line":25,"column":61}},"line":25}},"branchMap":{},"s":{"0":1,"1":1,"2":1,"3":1,"4":1,"5":1,"6":1,"7":1,"8":1,"9":1,"10":1,"11":1,"12":1,"13":0,"14":1,"15":1,"16":1,"17":1,"18":1,"19":1,"20":1,"21":1},"f":{"0":1,"1":0},"b":{},"_coverageSchema":"1a1c01bbd47fc00a2c39e90264f33305004495a9","hash":"21b3b0429e1250443920e0983c92e49f875f4cc4"}
,"C:\\Users\\Greg\\Desktop\\cf-6-javascript-exercises\\node1\\products\\swagger.js": {"path":"C:\\Users\\Greg\\Desktop\\cf-6-javascript-exercises\\node1\\products\\swagger.js","statementMap":{"0":{"start":{"line":1,"column":12},"end":{"line":1,"column":42}},"1":{"start":{"line":2,"column":13},"end":{"line":2,"column":43}},"2":{"start":{"line":4,"column":0},"end":{"line":313,"column":1}}},"fnMap":{},"branchMap":{},"s":{"0":1,"1":1,"2":1},"f":{},"b":{},"_coverageSchema":"1a1c01bbd47fc00a2c39e90264f33305004495a9","hash":"42126d3791542defccbe7c2890899afb0b1a37af"}
,"C:\\Users\\Greg\\Desktop\\cf-6-javascript-exercises\\node1\\products\\controllers\\product.controller.js": {"path":"C:\\Users\\Greg\\Desktop\\cf-6-javascript-exercises\\node1\\products\\controllers\\product.controller.js","statementMap":{"0":{"start":{"line":1,"column":16},"end":{"line":1,"column":50}},"1":{"start":{"line":3,"column":0},"end":{"line":13,"column":1}},"2":{"start":{"line":4,"column":4},"end":{"line":4,"column":37}},"3":{"start":{"line":6,"column":4},"end":{"line":12,"column":5}},"4":{"start":{"line":7,"column":23},"end":{"line":7,"column":43}},"5":{"start":{"line":9,"column":8},"end":{"line":9,"column":47}},"6":{"start":{"line":11,"column":8},"end":{"line":11,"column":45}},"7":{"start":{"line":15,"column":0},"end":{"line":26,"column":1}},"8":{"start":{"line":16,"column":23},"end":{"line":16,"column":36}},"9":{"start":{"line":17,"column":4},"end":{"line":17,"column":57}},"10":{"start":{"line":19,"column":4},"end":{"line":25,"column":5}},"11":{"start":{"line":20,"column":23},"end":{"line":20,"column":57}},"12":{"start":{"line":22,"column":8},"end":{"line":22,"column":47}},"13":{"start":{"line":24,"column":8},"end":{"line":24,"column":45}},"14":{"start":{"line":28,"column":0},"end":{"line":44,"column":1}},"15":{"start":{"line":29,"column":23},"end":{"line":34,"column":6}},"16":{"start":{"line":36,"column":4},"end":{"line":36,"column":74}},"17":{"start":{"line":38,"column":4},"end":{"line":43,"column":5}},"18":{"start":{"line":39,"column":23},"end":{"line":39,"column":46}},"19":{"start":{"line":40,"column":8},"end":{"line":40,"column":47}},"20":{"start":{"line":42,"column":8},"end":{"line":42,"column":45}},"21":{"start":{"line":46,"column":0},"end":{"line":66,"column":1}},"22":{"start":{"line":47,"column":23},"end":{"line":47,"column":36}},"23":{"start":{"line":48,"column":4},"end":{"line":48,"column":55}},"24":{"start":{"line":50,"column":26},"end":{"line":54,"column":5}},"25":{"start":{"line":56,"column":4},"end":{"line":65,"column":5}},"26":{"start":{"line":57,"column":23},"end":{"line":61,"column":5}},"27":{"start":{"line":62,"column":8},"end":{"line":62,"column":47}},"28":{"start":{"line":64,"column":8},"end":{"line":64,"column":45}},"29":{"start":{"line":69,"column":0},"end":{"line":82,"column":1}},"30":{"start":{"line":70,"column":23},"end":{"line":70,"column":36}},"31":{"start":{"line":71,"column":4},"end":{"line":71,"column":55}},"32":{"start":{"line":73,"column":4},"end":{"line":81,"column":5}},"33":{"start":{"line":74,"column":23},"end":{"line":77,"column":5}},"34":{"start":{"line":78,"column":8},"end":{"line":78,"column":47}},"35":{"start":{"line":80,"column":8},"end":{"line":80,"column":45}}},"fnMap":{"0":{"name":"(anonymous_0)","decl":{"start":{"line":3,"column":18},"end":{"line":3,"column":19}},"loc":{"start":{"line":3,"column":36},"end":{"line":13,"column":1}},"line":3},"1":{"name":"(anonymous_1)","decl":{"start":{"line":15,"column":18},"end":{"line":15,"column":19}},"loc":{"start":{"line":15,"column":35},"end":{"line":26,"column":1}},"line":15},"2":{"name":"(anonymous_2)","decl":{"start":{"line":28,"column":17},"end":{"line":28,"column":18}},"loc":{"start":{"line":28,"column":34},"end":{"line":44,"column":1}},"line":28},"3":{"name":"(anonymous_3)","decl":{"start":{"line":46,"column":17},"end":{"line":46,"column":18}},"loc":{"start":{"line":46,"column":34},"end":{"line":66,"column":1}},"line":46},"4":{"name":"(anonymous_4)","decl":{"start":{"line":69,"column":17},"end":{"line":69,"column":18}},"loc":{"start":{"line":69,"column":34},"end":{"line":82,"column":1}},"line":69}},"branchMap":{},"s":{"0":1,"1":1,"2":0,"3":0,"4":0,"5":0,"6":0,"7":1,"8":0,"9":0,"10":0,"11":0,"12":0,"13":0,"14":1,"15":0,"16":0,"17":0,"18":0,"19":0,"20":0,"21":1,"22":0,"23":0,"24":0,"25":0,"26":0,"27":0,"28":0,"29":1,"30":0,"31":0,"32":0,"33":0,"34":0,"35":0},"f":{"0":0,"1":0,"2":0,"3":0,"4":0},"b":{},"_coverageSchema":"1a1c01bbd47fc00a2c39e90264f33305004495a9","hash":"bcabf95a8543be8942ebb2835599bdd07bfb57d0"}
,"C:\\Users\\Greg\\Desktop\\cf-6-javascript-exercises\\node1\\products\\controllers\\user.controllers.js": {"path":"C:\\Users\\Greg\\Desktop\\cf-6-javascript-exercises\\node1\\products\\controllers\\user.controllers.js","statementMap":{"0":{"start":{"line":1,"column":13},"end":{"line":1,"column":44}},"1":{"start":{"line":5,"column":0},"end":{"line":16,"column":1}},"2":{"start":{"line":6,"column":4},"end":{"line":6,"column":34}},"3":{"start":{"line":8,"column":4},"end":{"line":15,"column":5}},"4":{"start":{"line":9,"column":23},"end":{"line":9,"column":40}},"5":{"start":{"line":12,"column":8},"end":{"line":12,"column":48}},"6":{"start":{"line":14,"column":8},"end":{"line":14,"column":45}},"7":{"start":{"line":18,"column":0},"end":{"line":28,"column":1}},"8":{"start":{"line":19,"column":21},"end":{"line":19,"column":40}},"9":{"start":{"line":20,"column":4},"end":{"line":20,"column":54}},"10":{"start":{"line":22,"column":4},"end":{"line":27,"column":5}},"11":{"start":{"line":23,"column":23},"end":{"line":23,"column":63}},"12":{"start":{"line":24,"column":8},"end":{"line":24,"column":46}},"13":{"start":{"line":26,"column":8},"end":{"line":26,"column":45}},"14":{"start":{"line":30,"column":0},"end":{"line":51,"column":1}},"15":{"start":{"line":31,"column":20},"end":{"line":41,"column":6}},"16":{"start":{"line":43,"column":4},"end":{"line":43,"column":65}},"17":{"start":{"line":45,"column":4},"end":{"line":50,"column":5}},"18":{"start":{"line":46,"column":23},"end":{"line":46,"column":43}},"19":{"start":{"line":47,"column":8},"end":{"line":47,"column":46}},"20":{"start":{"line":49,"column":8},"end":{"line":49,"column":45}},"21":{"start":{"line":53,"column":0},"end":{"line":79,"column":1}},"22":{"start":{"line":54,"column":21},"end":{"line":54,"column":40}},"23":{"start":{"line":55,"column":4},"end":{"line":55,"column":55}},"24":{"start":{"line":57,"column":23},"end":{"line":65,"column":5}},"25":{"start":{"line":67,"column":4},"end":{"line":77,"column":5}},"26":{"start":{"line":68,"column":23},"end":{"line":73,"column":9}},"27":{"start":{"line":74,"column":8},"end":{"line":74,"column":46}},"28":{"start":{"line":76,"column":8},"end":{"line":76,"column":45}},"29":{"start":{"line":81,"column":0},"end":{"line":94,"column":1}},"30":{"start":{"line":82,"column":21},"end":{"line":82,"column":40}},"31":{"start":{"line":84,"column":4},"end":{"line":84,"column":56}},"32":{"start":{"line":86,"column":4},"end":{"line":93,"column":5}},"33":{"start":{"line":87,"column":23},"end":{"line":89,"column":9}},"34":{"start":{"line":90,"column":8},"end":{"line":90,"column":46}},"35":{"start":{"line":92,"column":8},"end":{"line":92,"column":45}}},"fnMap":{"0":{"name":"(anonymous_0)","decl":{"start":{"line":5,"column":18},"end":{"line":5,"column":19}},"loc":{"start":{"line":5,"column":37},"end":{"line":16,"column":1}},"line":5},"1":{"name":"(anonymous_1)","decl":{"start":{"line":18,"column":18},"end":{"line":18,"column":19}},"loc":{"start":{"line":18,"column":37},"end":{"line":28,"column":1}},"line":18},"2":{"name":"(anonymous_2)","decl":{"start":{"line":30,"column":17},"end":{"line":30,"column":18}},"loc":{"start":{"line":30,"column":35},"end":{"line":51,"column":1}},"line":30},"3":{"name":"(anonymous_3)","decl":{"start":{"line":53,"column":17},"end":{"line":53,"column":18}},"loc":{"start":{"line":53,"column":35},"end":{"line":79,"column":1}},"line":53},"4":{"name":"(anonymous_4)","decl":{"start":{"line":81,"column":17},"end":{"line":81,"column":18}},"loc":{"start":{"line":81,"column":35},"end":{"line":94,"column":1}},"line":81}},"branchMap":{},"s":{"0":1,"1":1,"2":1,"3":1,"4":1,"5":1,"6":0,"7":1,"8":1,"9":1,"10":1,"11":1,"12":1,"13":0,"14":1,"15":2,"16":2,"17":2,"18":2,"19":1,"20":1,"21":1,"22":1,"23":1,"24":1,"25":1,"26":1,"27":1,"28":0,"29":1,"30":1,"31":1,"32":1,"33":1,"34":1,"35":0},"f":{"0":1,"1":1,"2":2,"3":1,"4":1},"b":{},"_coverageSchema":"1a1c01bbd47fc00a2c39e90264f33305004495a9","hash":"558406ce7016c5faf4f6fa75ff8864353bcf60a0"}
,"C:\\Users\\Greg\\Desktop\\cf-6-javascript-exercises\\node1\\products\\controllers\\user.product.controller.js": {"path":"C:\\Users\\Greg\\Desktop\\cf-6-javascript-exercises\\node1\\products\\controllers\\user.product.controller.js","statementMap":{"0":{"start":{"line":1,"column":13},"end":{"line":1,"column":44}},"1":{"start":{"line":3,"column":0},"end":{"line":12,"column":1}},"2":{"start":{"line":4,"column":4},"end":{"line":4,"column":37}},"3":{"start":{"line":6,"column":4},"end":{"line":11,"column":5}},"4":{"start":{"line":7,"column":23},"end":{"line":7,"column":77}},"5":{"start":{"line":8,"column":8},"end":{"line":8,"column":46}},"6":{"start":{"line":10,"column":8},"end":{"line":10,"column":45}},"7":{"start":{"line":14,"column":0},"end":{"line":24,"column":1}},"8":{"start":{"line":15,"column":21},"end":{"line":15,"column":40}},"9":{"start":{"line":16,"column":4},"end":{"line":16,"column":66}},"10":{"start":{"line":18,"column":4},"end":{"line":23,"column":5}},"11":{"start":{"line":19,"column":23},"end":{"line":19,"column":99}},"12":{"start":{"line":20,"column":8},"end":{"line":20,"column":46}},"13":{"start":{"line":22,"column":8},"end":{"line":22,"column":45}},"14":{"start":{"line":26,"column":0},"end":{"line":45,"column":1}},"15":{"start":{"line":27,"column":21},"end":{"line":27,"column":40}},"16":{"start":{"line":28,"column":21},"end":{"line":28,"column":38}},"17":{"start":{"line":30,"column":4},"end":{"line":30,"column":54}},"18":{"start":{"line":32,"column":4},"end":{"line":44,"column":5}},"19":{"start":{"line":33,"column":23},"end":{"line":40,"column":9}},"20":{"start":{"line":41,"column":8},"end":{"line":41,"column":46}},"21":{"start":{"line":43,"column":8},"end":{"line":43,"column":45}},"22":{"start":{"line":47,"column":0},"end":{"line":70,"column":1}},"23":{"start":{"line":48,"column":21},"end":{"line":48,"column":40}},"24":{"start":{"line":49,"column":23},"end":{"line":49,"column":36}},"25":{"start":{"line":50,"column":29},"end":{"line":50,"column":46}},"26":{"start":{"line":52,"column":4},"end":{"line":52,"column":62}},"27":{"start":{"line":53,"column":4},"end":{"line":53,"column":28}},"28":{"start":{"line":54,"column":4},"end":{"line":54,"column":34}},"29":{"start":{"line":56,"column":4},"end":{"line":69,"column":5}},"30":{"start":{"line":57,"column":23},"end":{"line":64,"column":9}},"31":{"start":{"line":66,"column":8},"end":{"line":66,"column":46}},"32":{"start":{"line":68,"column":8},"end":{"line":68,"column":45}},"33":{"start":{"line":72,"column":0},"end":{"line":96,"column":1}},"34":{"start":{"line":73,"column":21},"end":{"line":73,"column":40}},"35":{"start":{"line":74,"column":23},"end":{"line":74,"column":36}},"36":{"start":{"line":77,"column":4},"end":{"line":77,"column":53}},"37":{"start":{"line":78,"column":4},"end":{"line":78,"column":28}},"38":{"start":{"line":80,"column":4},"end":{"line":94,"column":5}},"39":{"start":{"line":81,"column":23},"end":{"line":90,"column":9}},"40":{"start":{"line":91,"column":8},"end":{"line":91,"column":46}},"41":{"start":{"line":93,"column":8},"end":{"line":93,"column":45}},"42":{"start":{"line":98,"column":0},"end":{"line":136,"column":1}},"43":{"start":{"line":99,"column":4},"end":{"line":99,"column":57}},"44":{"start":{"line":101,"column":4},"end":{"line":135,"column":5}},"45":{"start":{"line":102,"column":23},"end":{"line":130,"column":10}},"46":{"start":{"line":132,"column":8},"end":{"line":132,"column":46}},"47":{"start":{"line":134,"column":8},"end":{"line":134,"column":44}},"48":{"start":{"line":138,"column":0},"end":{"line":181,"column":1}},"49":{"start":{"line":139,"column":21},"end":{"line":139,"column":40}},"50":{"start":{"line":141,"column":4},"end":{"line":141,"column":47}},"51":{"start":{"line":143,"column":4},"end":{"line":180,"column":5}},"52":{"start":{"line":144,"column":23},"end":{"line":175,"column":10}},"53":{"start":{"line":177,"column":8},"end":{"line":177,"column":46}},"54":{"start":{"line":179,"column":8},"end":{"line":179,"column":44}}},"fnMap":{"0":{"name":"(anonymous_0)","decl":{"start":{"line":3,"column":28},"end":{"line":3,"column":29}},"loc":{"start":{"line":3,"column":46},"end":{"line":12,"column":1}},"line":3},"1":{"name":"(anonymous_1)","decl":{"start":{"line":14,"column":27},"end":{"line":14,"column":28}},"loc":{"start":{"line":14,"column":45},"end":{"line":24,"column":1}},"line":14},"2":{"name":"(anonymous_2)","decl":{"start":{"line":26,"column":29},"end":{"line":26,"column":30}},"loc":{"start":{"line":26,"column":46},"end":{"line":45,"column":1}},"line":26},"3":{"name":"(anonymous_3)","decl":{"start":{"line":47,"column":28},"end":{"line":47,"column":29}},"loc":{"start":{"line":47,"column":48},"end":{"line":70,"column":1}},"line":47},"4":{"name":"(anonymous_4)","decl":{"start":{"line":72,"column":28},"end":{"line":72,"column":29}},"loc":{"start":{"line":72,"column":46},"end":{"line":96,"column":1}},"line":72},"5":{"name":"(anonymous_5)","decl":{"start":{"line":98,"column":17},"end":{"line":98,"column":18}},"loc":{"start":{"line":98,"column":35},"end":{"line":136,"column":1}},"line":98},"6":{"name":"(anonymous_6)","decl":{"start":{"line":138,"column":17},"end":{"line":138,"column":18}},"loc":{"start":{"line":138,"column":35},"end":{"line":181,"column":1}},"line":138}},"branchMap":{},"s":{"0":1,"1":1,"2":0,"3":0,"4":0,"5":0,"6":0,"7":1,"8":0,"9":0,"10":0,"11":0,"12":0,"13":0,"14":1,"15":0,"16":0,"17":0,"18":0,"19":0,"20":0,"21":0,"22":1,"23":0,"24":0,"25":0,"26":0,"27":0,"28":0,"29":0,"30":0,"31":0,"32":0,"33":1,"34":0,"35":0,"36":0,"37":0,"38":0,"39":0,"40":0,"41":0,"42":1,"43":0,"44":0,"45":0,"46":0,"47":0,"48":1,"49":0,"50":0,"51":0,"52":0,"53":0,"54":0},"f":{"0":0,"1":0,"2":0,"3":0,"4":0,"5":0,"6":0},"b":{},"_coverageSchema":"1a1c01bbd47fc00a2c39e90264f33305004495a9","hash":"b95ea91cc74ef11c027423c05c8f596441ef558a"}
,"C:\\Users\\Greg\\Desktop\\cf-6-javascript-exercises\\node1\\products\\models\\product.model.js": {"path":"C:\\Users\\Greg\\Desktop\\cf-6-javascript-exercises\\node1\\products\\models\\product.model.js","statementMap":{"0":{"start":{"line":1,"column":17},"end":{"line":1,"column":36}},"1":{"start":{"line":2,"column":24},"end":{"line":2,"column":60}},"2":{"start":{"line":4,"column":15},"end":{"line":4,"column":30}},"3":{"start":{"line":6,"column":20},"end":{"line":37,"column":2}},"4":{"start":{"line":39,"column":0},"end":{"line":39,"column":38}},"5":{"start":{"line":40,"column":0},"end":{"line":40,"column":57}}},"fnMap":{},"branchMap":{},"s":{"0":1,"1":1,"2":1,"3":1,"4":1,"5":1},"f":{},"b":{},"_coverageSchema":"1a1c01bbd47fc00a2c39e90264f33305004495a9","hash":"70d305283a81f096dfcb653a976495815387b3f5"}
,"C:\\Users\\Greg\\Desktop\\cf-6-javascript-exercises\\node1\\products\\models\\user.model.js": {"path":"C:\\Users\\Greg\\Desktop\\cf-6-javascript-exercises\\node1\\products\\models\\user.model.js","statementMap":{"0":{"start":{"line":1,"column":17},"end":{"line":1,"column":36}},"1":{"start":{"line":2,"column":24},"end":{"line":2,"column":60}},"2":{"start":{"line":4,"column":15},"end":{"line":4,"column":30}},"3":{"start":{"line":6,"column":19},"end":{"line":9,"column":17}},"4":{"start":{"line":11,"column":18},"end":{"line":14,"column":16}},"5":{"start":{"line":16,"column":20},"end":{"line":21,"column":2}},"6":{"start":{"line":23,"column":17},"end":{"line":66,"column":2}},"7":{"start":{"line":68,"column":0},"end":{"line":68,"column":35}},"8":{"start":{"line":69,"column":0},"end":{"line":69,"column":51}}},"fnMap":{},"branchMap":{},"s":{"0":1,"1":1,"2":1,"3":1,"4":1,"5":1,"6":1,"7":1,"8":1},"f":{},"b":{},"_coverageSchema":"1a1c01bbd47fc00a2c39e90264f33305004495a9","hash":"1159d677e5f7146e76eac8f384304c7d0b10f81c"}
,"C:\\Users\\Greg\\Desktop\\cf-6-javascript-exercises\\node1\\products\\routes\\product.routes.js": {"path":"C:\\Users\\Greg\\Desktop\\cf-6-javascript-exercises\\node1\\products\\routes\\product.routes.js","statementMap":{"0":{"start":{"line":1,"column":16},"end":{"line":1,"column":34}},"1":{"start":{"line":2,"column":15},"end":{"line":2,"column":31}},"2":{"start":{"line":4,"column":26},"end":{"line":4,"column":70}},"3":{"start":{"line":6,"column":0},"end":{"line":6,"column":43}},"4":{"start":{"line":7,"column":0},"end":{"line":7,"column":46}},"5":{"start":{"line":8,"column":0},"end":{"line":8,"column":43}},"6":{"start":{"line":9,"column":0},"end":{"line":9,"column":47}},"7":{"start":{"line":10,"column":0},"end":{"line":10,"column":48}},"8":{"start":{"line":12,"column":0},"end":{"line":12,"column":24}}},"fnMap":{},"branchMap":{},"s":{"0":1,"1":1,"2":1,"3":1,"4":1,"5":1,"6":1,"7":1,"8":1},"f":{},"b":{},"_coverageSchema":"1a1c01bbd47fc00a2c39e90264f33305004495a9","hash":"3750d761ca1fab7330ed08febf35372fda1197c6"}
,"C:\\Users\\Greg\\Desktop\\cf-6-javascript-exercises\\node1\\products\\routes\\user.product.routes.js": {"path":"C:\\Users\\Greg\\Desktop\\cf-6-javascript-exercises\\node1\\products\\routes\\user.product.routes.js","statementMap":{"0":{"start":{"line":1,"column":16},"end":{"line":1,"column":34}},"1":{"start":{"line":2,"column":15},"end":{"line":2,"column":31}},"2":{"start":{"line":4,"column":30},"end":{"line":4,"column":79}},"3":{"start":{"line":6,"column":0},"end":{"line":6,"column":71}},"4":{"start":{"line":7,"column":0},"end":{"line":7,"column":74}},"5":{"start":{"line":8,"column":0},"end":{"line":8,"column":76}},"6":{"start":{"line":9,"column":0},"end":{"line":9,"column":81}},"7":{"start":{"line":10,"column":0},"end":{"line":10,"column":82}},"8":{"start":{"line":12,"column":0},"end":{"line":12,"column":52}},"9":{"start":{"line":13,"column":0},"end":{"line":13,"column":63}},"10":{"start":{"line":15,"column":0},"end":{"line":15,"column":24}}},"fnMap":{},"branchMap":{},"s":{"0":1,"1":1,"2":1,"3":1,"4":1,"5":1,"6":1,"7":1,"8":1,"9":1,"10":1},"f":{},"b":{},"_coverageSchema":"1a1c01bbd47fc00a2c39e90264f33305004495a9","hash":"cbd1c0b47b228eed1c7feda7fcb3ff4f8ac66fae"}
,"C:\\Users\\Greg\\Desktop\\cf-6-javascript-exercises\\node1\\products\\routes\\user.routes.js": {"path":"C:\\Users\\Greg\\Desktop\\cf-6-javascript-exercises\\node1\\products\\routes\\user.routes.js","statementMap":{"0":{"start":{"line":1,"column":16},"end":{"line":1,"column":34}},"1":{"start":{"line":2,"column":15},"end":{"line":2,"column":31}},"2":{"start":{"line":4,"column":23},"end":{"line":4,"column":65}},"3":{"start":{"line":6,"column":0},"end":{"line":6,"column":40}},"4":{"start":{"line":8,"column":0},"end":{"line":8,"column":49}},"5":{"start":{"line":10,"column":0},"end":{"line":10,"column":40}},"6":{"start":{"line":12,"column":0},"end":{"line":12,"column":50}},"7":{"start":{"line":14,"column":0},"end":{"line":14,"column":50}},"8":{"start":{"line":16,"column":0},"end":{"line":16,"column":24}}},"fnMap":{},"branchMap":{},"s":{"0":1,"1":1,"2":1,"3":1,"4":1,"5":1,"6":1,"7":1,"8":1},"f":{},"b":{},"_coverageSchema":"1a1c01bbd47fc00a2c39e90264f33305004495a9","hash":"7696411f88c0de27df22c2c8271c0e1dbd271983"}
,"C:\\Users\\Greg\\Desktop\\cf-6-javascript-exercises\\node1\\products\\services\\user.service.js": {"path":"C:\\Users\\Greg\\Desktop\\cf-6-javascript-exercises\\node1\\products\\services\\user.service.js","statementMap":{"0":{"start":{"line":1,"column":13},"end":{"line":1,"column":44}},"1":{"start":{"line":4,"column":4},"end":{"line":4,"column":43}},"2":{"start":{"line":6,"column":4},"end":{"line":12,"column":5}},"3":{"start":{"line":7,"column":23},"end":{"line":7,"column":66}},"4":{"start":{"line":9,"column":8},"end":{"line":9,"column":25}},"5":{"start":{"line":11,"column":8},"end":{"line":11,"column":60}},"6":{"start":{"line":15,"column":0},"end":{"line":15,"column":39}}},"fnMap":{"0":{"name":"findLastInsertedUser","decl":{"start":{"line":3,"column":15},"end":{"line":3,"column":35}},"loc":{"start":{"line":3,"column":37},"end":{"line":13,"column":1}},"line":3}},"branchMap":{},"s":{"0":1,"1":3,"2":3,"3":3,"4":3,"5":0,"6":1},"f":{"0":3},"b":{},"_coverageSchema":"1a1c01bbd47fc00a2c39e90264f33305004495a9","hash":"1eed4c1947a90859531360302c999fe0daae8a7e"}
}
