TN:
SF:index.js
FN:24,(anonymous_0)
FN:25,(anonymous_1)
FNF:2
FNH:1
FNDA:2,(anonymous_0)
FNDA:0,(anonymous_1)
DA:1,2
DA:2,2
DA:3,2
DA:5,2
DA:7,2
DA:8,2
DA:9,2
DA:12,2
DA:17,2
DA:18,2
DA:20,2
DA:22,2
DA:24,2
DA:25,0
DA:28,2
DA:29,2
DA:30,2
DA:32,2
DA:35,2
DA:37,2
DA:39,2
DA:45,2
LF:22
LH:21
BRF:0
BRH:0
end_of_record
TN:
SF:swagger.js
FNF:0
FNH:0
DA:1,2
DA:2,2
DA:4,2
LF:3
LH:3
BRF:0
BRH:0
end_of_record
TN:
SF:controllers\product.controller.js
FN:3,(anonymous_0)
FN:15,(anonymous_1)
FN:28,(anonymous_2)
FN:46,(anonymous_3)
FN:69,(anonymous_4)
FNF:5
FNH:0
FNDA:0,(anonymous_0)
FNDA:0,(anonymous_1)
FNDA:0,(anonymous_2)
FNDA:0,(anonymous_3)
FNDA:0,(anonymous_4)
DA:1,2
DA:3,2
DA:4,0
DA:6,0
DA:7,0
DA:9,0
DA:11,0
DA:15,2
DA:16,0
DA:17,0
DA:19,0
DA:20,0
DA:22,0
DA:24,0
DA:28,2
DA:29,0
DA:36,0
DA:38,0
DA:39,0
DA:40,0
DA:42,0
DA:46,2
DA:47,0
DA:48,0
DA:50,0
DA:56,0
DA:57,0
DA:62,0
DA:64,0
DA:69,2
DA:70,0
DA:71,0
DA:73,0
DA:74,0
DA:78,0
DA:80,0
LF:36
LH:6
BRF:0
BRH:0
end_of_record
TN:
SF:controllers\user.controllers.js
FN:5,(anonymous_0)
FN:18,(anonymous_1)
FN:30,(anonymous_2)
FN:53,(anonymous_3)
FN:82,(anonymous_4)
FNF:5
FNH:5
FNDA:1,(anonymous_0)
FNDA:1,(anonymous_1)
FNDA:2,(anonymous_2)
FNDA:1,(anonymous_3)
FNDA:1,(anonymous_4)
DA:1,2
DA:5,2
DA:6,1
DA:8,1
DA:9,1
DA:12,1
DA:14,0
DA:18,2
DA:19,1
DA:20,1
DA:22,1
DA:23,1
DA:24,1
DA:26,0
DA:30,2
DA:31,2
DA:43,2
DA:45,2
DA:46,2
DA:47,1
DA:49,1
DA:53,2
DA:54,1
DA:55,1
DA:57,1
DA:67,1
DA:68,1
DA:75,1
DA:77,0
DA:82,2
DA:83,1
DA:85,1
DA:87,1
DA:88,1
DA:91,1
DA:93,0
LF:36
LH:32
BRF:0
BRH:0
end_of_record
TN:
SF:controllers\user.product.controller.js
FN:3,(anonymous_0)
FN:14,(anonymous_1)
FN:26,(anonymous_2)
FN:47,(anonymous_3)
FN:77,(anonymous_4)
FN:103,(anonymous_5)
FN:143,(anonymous_6)
FNF:7
FNH:4
FNDA:1,(anonymous_0)
FNDA:1,(anonymous_1)
FNDA:1,(anonymous_2)
FNDA:1,(anonymous_3)
FNDA:0,(anonymous_4)
FNDA:0,(anonymous_5)
FNDA:0,(anonymous_6)
DA:1,2
DA:3,2
DA:4,1
DA:6,1
DA:7,1
DA:8,1
DA:10,0
DA:14,2
DA:15,1
DA:16,1
DA:18,1
DA:19,1
DA:20,1
DA:22,0
DA:26,2
DA:27,1
DA:28,1
DA:30,1
DA:32,1
DA:33,1
DA:41,1
DA:43,0
DA:47,2
DA:48,1
DA:49,1
DA:50,1
DA:52,1
DA:53,1
DA:54,1
DA:56,1
DA:57,1
DA:58,1
DA:59,1
DA:61,1
DA:62,1
DA:71,1
DA:73,0
DA:77,2
DA:78,0
DA:79,0
DA:82,0
DA:83,0
DA:85,0
DA:86,0
DA:96,0
DA:98,0
DA:103,2
DA:104,0
DA:106,0
DA:107,0
DA:137,0
DA:139,0
DA:143,2
DA:144,0
DA:146,0
DA:148,0
DA:149,0
DA:182,0
DA:184,0
LF:59
LH:36
BRF:0
BRH:0
end_of_record
TN:
SF:models\product.model.js
FNF:0
FNH:0
DA:1,2
DA:2,2
DA:4,2
DA:6,2
DA:39,2
DA:40,2
LF:6
LH:6
BRF:0
BRH:0
end_of_record
TN:
SF:models\user.model.js
FNF:0
FNH:0
DA:1,2
DA:2,2
DA:4,2
DA:6,2
DA:11,2
DA:16,2
DA:23,2
DA:68,2
DA:69,2
LF:9
LH:9
BRF:0
BRH:0
end_of_record
TN:
SF:routes\product.routes.js
FNF:0
FNH:0
DA:1,2
DA:2,2
DA:4,2
DA:6,2
DA:7,2
DA:8,2
DA:9,2
DA:10,2
DA:12,2
LF:9
LH:9
BRF:0
BRH:0
end_of_record
TN:
SF:routes\user.product.routes.js
FNF:0
FNH:0
DA:1,2
DA:2,2
DA:4,2
DA:6,2
DA:7,2
DA:8,2
DA:9,2
DA:10,2
DA:12,2
DA:13,2
DA:15,2
LF:11
LH:11
BRF:0
BRH:0
end_of_record
TN:
SF:routes\user.routes.js
FNF:0
FNH:0
DA:1,2
DA:2,2
DA:4,2
DA:6,2
DA:8,2
DA:10,2
DA:12,2
DA:14,2
DA:16,2
LF:9
LH:9
BRF:0
BRH:0
end_of_record
TN:
SF:services\user.service.js
FN:3,findLastInsertedUser
FN:15,findUsersProducts
FNF:2
FNH:2
FNDA:5,findLastInsertedUser
FNDA:1,findUsersProducts
DA:1,2
DA:4,5
DA:6,5
DA:7,5
DA:9,5
DA:11,0
DA:16,1
DA:18,1
DA:19,1
DA:23,1
DA:25,0
DA:29,2
LF:12
LH:10
BRF:0
BRH:0
end_of_record
